<?xml version="1.0" encoding="UTF-8"?>
<testng-results ignored="0" total="2" passed="2" failed="0" skipped="0">
  <reporter-output>
  </reporter-output>
  <suite started-at="2024-01-26T08:24:34 EST" name="Default suite" finished-at="2024-01-26T08:24:34 EST" duration-ms="17">
    <groups>
    </groups>
    <test started-at="2024-01-26T08:24:34 EST" name="Default test" finished-at="2024-01-26T08:24:34 EST" duration-ms="17">
      <class name="Automation.TestNGPractice">
        <test-method is-config="true" signature="beforeTestExecution()[pri:0, instance:Automation.TestNGPractice@1d119efb]" started-at="2024-01-26T08:24:34 EST" name="beforeTestExecution" finished-at="2024-01-26T08:24:34 EST" duration-ms="3" status="PASS">
          <reporter-output>
          </reporter-output>
        </test-method> <!-- beforeTestExecution -->
        <test-method signature="testcase2()[pri:1, instance:Automation.TestNGPractice@1d119efb]" started-at="2024-01-26T08:24:34 EST" name="testcase2" finished-at="2024-01-26T08:24:34 EST" duration-ms="3" status="PASS">
          <reporter-output>
          </reporter-output>
        </test-method> <!-- testcase2 -->
        <test-method is-config="true" signature="beforeEachTestExecution()[pri:0, instance:Automation.TestNGPractice@1d119efb]" started-at="2024-01-26T08:24:34 EST" name="beforeEachTestExecution" finished-at="2024-01-26T08:24:34 EST" duration-ms="0" status="PASS">
          <reporter-output>
          </reporter-output>
        </test-method> <!-- beforeEachTestExecution -->
        <test-method is-config="true" signature="afterEachTestExecution()[pri:0, instance:Automation.TestNGPractice@1d119efb]" started-at="2024-01-26T08:24:34 EST" name="afterEachTestExecution" finished-at="2024-01-26T08:24:34 EST" duration-ms="1" status="PASS">
          <reporter-output>
          </reporter-output>
        </test-method> <!-- afterEachTestExecution -->
        <test-method signature="testcase1()[pri:2, instance:Automation.TestNGPractice@1d119efb]" started-at="2024-01-26T08:24:34 EST" name="testcase1" finished-at="2024-01-26T08:24:34 EST" duration-ms="1" status="PASS">
          <reporter-output>
          </reporter-output>
        </test-method> <!-- testcase1 -->
        <test-method is-config="true" signature="beforeEachTestExecution()[pri:0, instance:Automation.TestNGPractice@1d119efb]" started-at="2024-01-26T08:24:34 EST" name="beforeEachTestExecution" finished-at="2024-01-26T08:24:34 EST" duration-ms="0" status="PASS">
          <reporter-output>
          </reporter-output>
        </test-method> <!-- beforeEachTestExecution -->
        <test-method is-config="true" signature="afterEachTestExecution()[pri:0, instance:Automation.TestNGPractice@1d119efb]" started-at="2024-01-26T08:24:34 EST" name="afterEachTestExecution" finished-at="2024-01-26T08:24:34 EST" duration-ms="0" status="PASS">
          <reporter-output>
          </reporter-output>
        </test-method> <!-- afterEachTestExecution -->
        <test-method is-config="true" signature="afterTestExecution()[pri:0, instance:Automation.TestNGPractice@1d119efb]" started-at="2024-01-26T08:24:34 EST" name="afterTestExecution" finished-at="2024-01-26T08:24:34 EST" duration-ms="0" status="PASS">
          <reporter-output>
          </reporter-output>
        </test-method> <!-- afterTestExecution -->
      </class> <!-- Automation.TestNGPractice -->
    </test> <!-- Default test -->
  </suite> <!-- Default suite -->
</testng-results>
