<?xml version="1.0" encoding="UTF-8"?>
<!-- Generated by org.testng.reporters.JUnitXMLReporter -->
<testsuite ignored="0" hostname="Emmas-MBP.lan" failures="0" tests="10" name="Test" time="2.028" errors="0" timestamp="25 Apr 2024 00:01:42 GMT">
  <testcase classname="org.testing.testScripts.TC1_PostRequest" name="testcase1" time="0.539"/>
  <testcase classname="org.testing.testScripts.TC2_GetAllRequest" name="testcase2" time="0.012"/>
  <testcase classname="org.testing.testScripts.TC3_GetParticularRequest" name="testcase3" time="0.007"/>
  <testcase classname="org.testing.testScripts.TC4_PutRequest" name="testcase4" time="0.008"/>
  <testcase classname="org.testing.testScripts.TC5_DeleteRequest" name="testcase5" time="0.011"/>
  <testcase classname="org.testing.testScripts.TC6_GetAll_RealAPI" name="testcase6" time="0.162"/>
  <testcase classname="org.testing.testScripts.TC7_PostRequest_RealAPI" name="testcase7" time="0.358"/>
  <testcase classname="org.testing.testScripts.TC8_GetParticular_RealAPI" name="testcase8" time="0.125"/>
  <testcase classname="org.testing.testScripts.TC9_Update_RealAPI" name="testcase9" time="0.384"/>
  <testcase classname="org.testing.testScripts.TC10_Delete_RealAPI" name="testcase10" time="0.409"/>
</testsuite> <!-- Test -->
